<?xml version="1.0" encoding="UTF-8"?>
<testsuite xmlns:xsi="http://www.w3.org/2001/XMLSchema-instance" xsi:noNamespaceSchemaLocation="https://maven.apache.org/surefire/maven-surefire-plugin/xsd/surefire-test-report.xsd" name="Main.FlashcardAppTest" time="0.055" tests="1" errors="0" skipped="0" failures="0">
  <properties>
    <property name="java.specification.version" value="21"/>
    <property name="sun.cpu.isalist" value="amd64"/>
    <property name="sun.jnu.encoding" value="Cp1252"/>
    <property name="java.class.path" value="C:\Users\shiirevninj\OneDrive\Microsoft Teams Chat Files\Documents\program hangamjiin buteelt\biy daalt\flashcard-system\flashcard\target\test-classes;C:\Users\shiirevninj\OneDrive\Microsoft Teams Chat Files\Documents\program hangamjiin buteelt\biy daalt\flashcard-system\flashcard\target\classes;C:\Users\shiirevninj\.m2\repository\junit\junit\4.11\junit-4.11.jar;C:\Users\shiirevninj\.m2\repository\org\hamcrest\hamcrest-core\1.3\hamcrest-core-1.3.jar;"/>
    <property name="java.vm.vendor" value="Eclipse Adoptium"/>
    <property name="sun.arch.data.model" value="64"/>
    <property name="user.variant" value=""/>
    <property name="java.vendor.url" value="https://adoptium.net/"/>
    <property name="user.timezone" value="Asia/Ulaanbaatar"/>
    <property name="os.name" value="Windows 11"/>
    <property name="java.vm.specification.version" value="21"/>
    <property name="user.country" value="US"/>
    <property name="sun.java.launcher" value="SUN_STANDARD"/>
    <property name="sun.boot.library.path" value="C:\Users\shiirevninj\AppData\Local\Programs\Eclipse Adoptium\jdk-21.0.4.7-hotspot\bin"/>
    <property name="sun.java.command" value="C:\Users\SHIIRE~1\AppData\Local\Temp\surefire2983099271874482958\surefirebooter14869778361205262733.jar C:\Users\shiirevninj\AppData\Local\Temp\surefire2983099271874482958 2025-04-02T05-29-56_946-jvmRun1 surefire2932027188811657870tmp surefire_08749897165231404156tmp"/>
    <property name="jdk.debug" value="release"/>
    <property name="test" value="Main.FlashcardAppTest#shouldAnswerWithTrue"/>
    <property name="surefire.test.class.path" value="C:\Users\shiirevninj\OneDrive\Microsoft Teams Chat Files\Documents\program hangamjiin buteelt\biy daalt\flashcard-system\flashcard\target\test-classes;C:\Users\shiirevninj\OneDrive\Microsoft Teams Chat Files\Documents\program hangamjiin buteelt\biy daalt\flashcard-system\flashcard\target\classes;C:\Users\shiirevninj\.m2\repository\junit\junit\4.11\junit-4.11.jar;C:\Users\shiirevninj\.m2\repository\org\hamcrest\hamcrest-core\1.3\hamcrest-core-1.3.jar;"/>
    <property name="sun.cpu.endian" value="little"/>
    <property name="user.home" value="C:\Users\shiirevninj"/>
    <property name="user.language" value="en"/>
    <property name="java.specification.vendor" value="Oracle Corporation"/>
    <property name="java.version.date" value="2024-07-16"/>
    <property name="java.home" value="C:\Users\shiirevninj\AppData\Local\Programs\Eclipse Adoptium\jdk-21.0.4.7-hotspot"/>
    <property name="file.separator" value="\"/>
    <property name="basedir" value="C:\Users\shiirevninj\OneDrive\Microsoft Teams Chat Files\Documents\program hangamjiin buteelt\biy daalt\flashcard-system\flashcard"/>
    <property name="java.vm.compressedOopsMode" value="Zero based"/>
    <property name="line.separator" value="&#10;"/>
    <property name="java.vm.specification.vendor" value="Oracle Corporation"/>
    <property name="java.specification.name" value="Java Platform API Specification"/>
    <property name="surefire.real.class.path" value="C:\Users\SHIIRE~1\AppData\Local\Temp\surefire2983099271874482958\surefirebooter14869778361205262733.jar"/>
    <property name="user.script" value=""/>
    <property name="sun.management.compiler" value="HotSpot 64-Bit Tiered Compilers"/>
    <property name="java.runtime.version" value="21.0.4+7-LTS"/>
    <property name="user.name" value="shiirevninj"/>
    <property name="stdout.encoding" value="Cp1252"/>
    <property name="path.separator" value=";"/>
    <property name="os.version" value="10.0"/>
    <property name="java.runtime.name" value="OpenJDK Runtime Environment"/>
    <property name="file.encoding" value="UTF-8"/>
    <property name="java.vm.name" value="OpenJDK 64-Bit Server VM"/>
    <property name="java.vendor.version" value="Temurin-21.0.4+7"/>
    <property name="maven.ext.class.path" value="C:\Users\shiirevninj\.vscode\extensions\oracle.oracle-java-23.1.0\nbcode\java\maven-nblib\netbeans-eventspy.jar"/>
    <property name="localRepository" value="C:\Users\shiirevninj\.m2\repository"/>
    <property name="java.vendor.url.bug" value="https://github.com/adoptium/adoptium-support/issues"/>
    <property name="java.io.tmpdir" value="C:\Users\SHIIRE~1\AppData\Local\Temp\"/>
    <property name="java.version" value="21.0.4"/>
    <property name="user.dir" value="C:\Users\shiirevninj\OneDrive\Microsoft Teams Chat Files\Documents\program hangamjiin buteelt\biy daalt\flashcard-system\flashcard"/>
    <property name="os.arch" value="amd64"/>
    <property name="java.vm.specification.name" value="Java Virtual Machine Specification"/>
    <property name="sun.os.patch.level" value=""/>
    <property name="native.encoding" value="Cp1252"/>
    <property name="java.library.path" value="C:\Users\shiirevninj\AppData\Local\Programs\Eclipse Adoptium\jdk-21.0.4.7-hotspot\bin;C:\WINDOWS\Sun\Java\bin;C:\WINDOWS\system32;C:\WINDOWS;C:\Program Files\Common Files\Oracle\Java\javapath;C:\Program Files\Microsoft MPI\Bin\;C:\Program Files (x86)\Common Files\Oracle\Java\java8path;C:\Program Files (x86)\Common Files\Oracle\Java\javapath;C:\Windows\system32;C:\Windows;C:\Windows\System32\Wbem;C:\Windows\System32\WindowsPowerShell\v1.0\;C:\Windows\System32\OpenSSH\;C:\Program Files (x86)\NVIDIA Corporation\PhysX\Common;C:\Program Files\NVIDIA Corporation\NVIDIA NvDLISR;C:\WINDOWS\system32;C:\WINDOWS;C:\WINDOWS\System32\Wbem;C:\WINDOWS\System32\WindowsPowerShell\v1.0\;C:\WINDOWS\System32\OpenSSH\;C:\msys64\mingw64\bin;C:\Program Files\nodejs\;C:\Program Files (x86)\Windows Kits\10\Windows Performance Toolkit\;C:\Program Files (x86)\Microsoft SQL Server\160\Tools\Binn\;C:\Users\shiirevninj\160\Tools\Binn\;C:\Users\shiirevninj\Client SDK\ODBC\170\Tools\Binn\;C:\Users\shiirevninj\160\DTS\Binn\;C:\Program Files (x86)\Microsoft SQL Server\160\DTS\Binn\;C:\Program Files\Git\cmd;C:\Program Files\VisualSVN Server\bin;C:\Users\shiirevninj\AppData\Local\Programs\Eclipse Adoptium\jdk-21.0.4.7-hotspot\bin;C:\Users\shiirevninj\Maven\apache-maven-3.9.9\bin;C:\Users\shiirevninj\AppData\Local\Programs\Eclipse Adoptium\jdk-21.0.4.7-hotspot\bin;C:\Users\shiirevninj\AppData\Local\Programs\Eclipse Adoptium\jdk-17.0.10.7-hotspot\bin;C:\Users\shiirevninj\AppData\Local\Microsoft\WindowsApps;C:\Users\shiirevninj\AppData\Local\Programs\Microsoft VS Code\bin;C:\Users\shiirevninj\AppData\Roaming\npm;C:\Users\shiirevninj\IntelliJ IDEA 2023.3.5\bin;C:\Users\shiirevninj\AppData\Local\Coursier\data\bin;C:\ghcup\bin;%USERPROFILE%\AppData\Local\Microsoft\WindowsApps;C:\Users\shiirevninj\AppData\Local\GitHubDesktop\bin;."/>
    <property name="java.vm.info" value="mixed mode, sharing"/>
    <property name="stderr.encoding" value="Cp1252"/>
    <property name="java.vendor" value="Eclipse Adoptium"/>
    <property name="java.vm.version" value="21.0.4+7-LTS"/>
    <property name="sun.io.unicode.encoding" value="UnicodeLittle"/>
    <property name="java.class.version" value="65.0"/>
  </properties>
  <testcase name="shouldAnswerWithTrue" classname="Main.FlashcardAppTest" time="0.003"/>
</testsuite>